0 silly argv {
0 silly argv   _: [ 'exec' ],
0 silly argv   args: [],
0 silly argv   lernaVersion: '6.1.0',
0 silly argv   '$0': '/Users/matt/Documents/omni-nestjs-mono-repo/node_modules/.bin/lerna',
0 silly argv   cmd: 'jest'
0 silly argv }
1 notice cli v6.1.0
2 verbose rootPath /Users/matt/Documents/omni-nestjs-mono-repo
3 error JSONError: Unexpected token "}" (0x7D) in JSON at position 617 while parsing near "...\"jest\": \"27.5.1\",\n  },\n  \"dependencies\":..." in packages/config-service/package.json
3 error
3 error [0m [90m 28 |[39m     [32m"@types/jest"[39m[33m:[39m [32m"27.5.2"[39m[33m,[39m[0m
3 error [0m [90m 29 |[39m     [32m"jest"[39m[33m:[39m [32m"27.5.1"[39m[33m,[39m[0m
3 error [0m[31m[1m>[22m[39m[90m 30 |[39m   }[33m,[39m[0m
3 error [0m [90m    |[39m   [31m[1m^[22m[39m[0m
3 error [0m [90m 31 |[39m   [32m"dependencies"[39m[33m:[39m {[0m
3 error [0m [90m 32 |[39m     [32m"@nestjs/common"[39m[33m:[39m [32m"8.0.0"[39m[33m,[39m[0m
3 error [0m [90m 33 |[39m     [32m"config"[39m[33m:[39m [32m"3.3.1"[39m[0m
3 error
3 error     at parseJson (/Users/matt/Documents/omni-nestjs-mono-repo/node_modules/parse-json/index.js:29:21)
3 error     at parse (/Users/matt/Documents/omni-nestjs-mono-repo/node_modules/load-json-file/index.js:15:9)
3 error     at module.exports (/Users/matt/Documents/omni-nestjs-mono-repo/node_modules/load-json-file/index.js:18:47)
